<?xml version="1.0" encoding="UTF-8"?>
<testng-results ignored="0" total="0" passed="0" failed="0" skipped="0">
  <reporter-output>
  </reporter-output>
  <suite started-at="2025-05-24T18:07:37 IST" name="Default suite" finished-at="2025-05-24T18:07:38 IST" duration-ms="544">
    <groups>
      <group name="cucumber">
        <method signature="AbstractTestNGCucumberTests.runScenario(io.cucumber.testng.PickleWrapper,io.cucumber.testng.FeatureWrapper)[pri:0, instance:com.booksWagon.runners.TestRunner@1807e3f6]" name="runScenario" class="io.cucumber.testng.AbstractTestNGCucumberTests"/>
      </group> <!-- cucumber -->
    </groups>
    <test started-at="2025-05-24T18:07:37 IST" name="Default test" finished-at="2025-05-24T18:07:38 IST" duration-ms="544">
      <class name="com.booksWagon.runners.TestRunner">
        <test-method is-config="true" signature="setUpClass()[pri:0, instance:com.booksWagon.runners.TestRunner@1807e3f6]" started-at="2025-05-24T18:07:37 IST" name="setUpClass" finished-at="2025-05-24T18:07:38 IST" duration-ms="459" status="PASS">
          <reporter-output>
          </reporter-output>
        </test-method> <!-- setUpClass -->
        <test-method is-config="true" signature="tearDownClass()[pri:0, instance:com.booksWagon.runners.TestRunner@1807e3f6]" started-at="2025-05-24T18:07:38 IST" name="tearDownClass" finished-at="2025-05-24T18:07:38 IST" duration-ms="45" status="PASS">
          <reporter-output>
          </reporter-output>
        </test-method> <!-- tearDownClass -->
      </class> <!-- com.booksWagon.runners.TestRunner -->
    </test> <!-- Default test -->
  </suite> <!-- Default suite -->
</testng-results>
